Analysis & Elaboration report for MyDE0_Nano
Fri Feb 25 14:10:47 2022
Quartus Prime Version 18.1.0 Build 625 09/12/2018 SJ Lite Edition


---------------------
; Table of Contents ;
---------------------
  1. Legal Notice
  2. Analysis & Elaboration Summary
  3. Parallel Compilation
  4. Analysis & Elaboration IP Cores Summary
  5. Source assignments for sld_signaltap:auto_signaltap_0
  6. Parameter Settings for Inferred Entity Instance: sld_signaltap:auto_signaltap_0
  7. Analysis & Elaboration Settings
  8. Port Connectivity Checks: "spi_slave:spi_slave_instance"
  9. Signal Tap Logic Analyzer Settings
 10. Analysis & Elaboration Messages
 11. Analysis & Elaboration Suppressed Messages



----------------
; Legal Notice ;
----------------
Copyright (C) 2018  Intel Corporation. All rights reserved.
Your use of Intel Corporation's design tools, logic functions 
and other software and tools, and its AMPP partner logic 
functions, and any output files from any of the foregoing 
(including device programming or simulation files), and any 
associated documentation or information are expressly subject 
to the terms and conditions of the Intel Program License 
Subscription Agreement, the Intel Quartus Prime License Agreement,
the Intel FPGA IP License Agreement, or other applicable license
agreement, including, without limitation, that your use is for
the sole purpose of programming logic devices manufactured by
Intel and sold by Intel or its authorized distributors.  Please
refer to the applicable agreement for further details.



+----------------------------------------------------------------------------------+
; Analysis & Elaboration Summary                                                   ;
+------------------------------------+---------------------------------------------+
; Analysis & Elaboration Status      ; Successful - Fri Feb 25 14:10:47 2022       ;
; Quartus Prime Version              ; 18.1.0 Build 625 09/12/2018 SJ Lite Edition ;
; Revision Name                      ; MyDE0_Nano                                  ;
; Top-level Entity Name              ; MyDE0_Nano                                  ;
; Family                             ; Cyclone IV E                                ;
; Total logic elements               ; N/A until Partition Merge                   ;
;     Total combinational functions  ; N/A until Partition Merge                   ;
;     Dedicated logic registers      ; N/A until Partition Merge                   ;
; Total registers                    ; N/A until Partition Merge                   ;
; Total pins                         ; N/A until Partition Merge                   ;
; Total virtual pins                 ; N/A until Partition Merge                   ;
; Total memory bits                  ; N/A until Partition Merge                   ;
; Embedded Multiplier 9-bit elements ; N/A until Partition Merge                   ;
; Total PLLs                         ; N/A until Partition Merge                   ;
+------------------------------------+---------------------------------------------+


+------------------------------------------+
; Parallel Compilation                     ;
+----------------------------+-------------+
; Processors                 ; Number      ;
+----------------------------+-------------+
; Number detected on machine ; 16          ;
; Maximum allowed            ; 16          ;
;                            ;             ;
; Average used               ; 1.00        ;
; Maximum used               ; 1           ;
;                            ;             ;
; Usage by Processor         ; % Time Used ;
;     Processor 1            ; 100.0%      ;
+----------------------------+-------------+


+-------------------------------------------------------------------------------------------------------------------------------------------------------------------------------------------------------------------------------------------------------------------------------------------------------------------------------------------------------------------+
; Analysis & Elaboration IP Cores Summary                                                                                                                                                                                                                                                                                                                           ;
+--------+--------------+---------+--------------+--------------+---------------------------------------------------------------------------------------------------------------------------------------------------------------------------------------------------------------------------------------------------------------------------------+-----------------+
; Vendor ; IP Core Name ; Version ; Release Date ; License Type ; Entity Instance                                                                                                                                                                                                                                                                 ; IP Include File ;
+--------+--------------+---------+--------------+--------------+---------------------------------------------------------------------------------------------------------------------------------------------------------------------------------------------------------------------------------------------------------------------------------+-----------------+
; Altera ; Signal Tap   ; N/A     ; N/A          ; Licensed     ; |MyDE0_Nano|sld_hub:auto_hub|alt_sld_fab_with_jtag_input:\instrumentation_fabric_with_node_gen:fabric_gen_new_way:with_jtag_input_gen:instrumentation_fabric|alt_sld_fab:instrumentation_fabric                                                                                 ;                 ;
; Altera ; Signal Tap   ; N/A     ; N/A          ; Licensed     ; |MyDE0_Nano|sld_hub:auto_hub|alt_sld_fab_with_jtag_input:\instrumentation_fabric_with_node_gen:fabric_gen_new_way:with_jtag_input_gen:instrumentation_fabric|alt_sld_fab:instrumentation_fabric|alt_sld_fab_alt_sld_fab:alt_sld_fab                                             ;                 ;
; Altera ; Signal Tap   ; N/A     ; N/A          ; Licensed     ; |MyDE0_Nano|sld_hub:auto_hub|alt_sld_fab_with_jtag_input:\instrumentation_fabric_with_node_gen:fabric_gen_new_way:with_jtag_input_gen:instrumentation_fabric|alt_sld_fab:instrumentation_fabric|alt_sld_fab_alt_sld_fab:alt_sld_fab|alt_sld_fab_alt_sld_fab_presplit:presplit   ;                 ;
; Altera ; Signal Tap   ; N/A     ; N/A          ; Licensed     ; |MyDE0_Nano|sld_hub:auto_hub|alt_sld_fab_with_jtag_input:\instrumentation_fabric_with_node_gen:fabric_gen_new_way:with_jtag_input_gen:instrumentation_fabric|alt_sld_fab:instrumentation_fabric|alt_sld_fab_alt_sld_fab:alt_sld_fab|alt_sld_fab_alt_sld_fab_sldfabric:sldfabric ;                 ;
; Altera ; Signal Tap   ; N/A     ; N/A          ; Licensed     ; |MyDE0_Nano|sld_hub:auto_hub|alt_sld_fab_with_jtag_input:\instrumentation_fabric_with_node_gen:fabric_gen_new_way:with_jtag_input_gen:instrumentation_fabric|alt_sld_fab:instrumentation_fabric|alt_sld_fab_alt_sld_fab:alt_sld_fab|alt_sld_fab_alt_sld_fab_splitter:splitter   ;                 ;
+--------+--------------+---------+--------------+--------------+---------------------------------------------------------------------------------------------------------------------------------------------------------------------------------------------------------------------------------------------------------------------------------+-----------------+


+-------------------------------------------------------+
; Source assignments for sld_signaltap:auto_signaltap_0 ;
+-----------------+-------+------+----------------------+
; Assignment      ; Value ; From ; To                   ;
+-----------------+-------+------+----------------------+
; MESSAGE_DISABLE ; 13410 ; -    ; -                    ;
+-----------------+-------+------+----------------------+


+------------------------------------------------------------------------------------------------------------------------------------------------------------------------------------------------------------------------------------------------------------------------+
; Parameter Settings for Inferred Entity Instance: sld_signaltap:auto_signaltap_0                                                                                                                                                                                        ;
+-------------------------------------------------+-----------------------------------------------------------------------------------------------------------------------------------------------------------------------------------------------------+----------------+
; Parameter Name                                  ; Value                                                                                                                                                                                               ; Type           ;
+-------------------------------------------------+-----------------------------------------------------------------------------------------------------------------------------------------------------------------------------------------------------+----------------+
; lpm_type                                        ; sld_signaltap                                                                                                                                                                                       ; String         ;
; sld_node_info                                   ; 805334528                                                                                                                                                                                           ; Untyped        ;
; SLD_SECTION_ID                                  ; hdl_signaltap_0                                                                                                                                                                                     ; String         ;
; SLD_IP_VERSION                                  ; 6                                                                                                                                                                                                   ; Signed Integer ;
; SLD_IP_MINOR_VERSION                            ; 0                                                                                                                                                                                                   ; Signed Integer ;
; SLD_COMMON_IP_VERSION                           ; 0                                                                                                                                                                                                   ; Signed Integer ;
; sld_data_bits                                   ; 56                                                                                                                                                                                                  ; Untyped        ;
; sld_trigger_bits                                ; 56                                                                                                                                                                                                  ; Untyped        ;
; SLD_NODE_CRC_BITS                               ; 32                                                                                                                                                                                                  ; Signed Integer ;
; SLD_NODE_CRC_HIWORD                             ; 41394                                                                                                                                                                                               ; Signed Integer ;
; SLD_NODE_CRC_LOWORD                             ; 50132                                                                                                                                                                                               ; Signed Integer ;
; sld_incremental_routing                         ; 1                                                                                                                                                                                                   ; Untyped        ;
; sld_sample_depth                                ; 8192                                                                                                                                                                                                ; Untyped        ;
; sld_segment_size                                ; 8192                                                                                                                                                                                                ; Untyped        ;
; sld_ram_block_type                              ; AUTO                                                                                                                                                                                                ; Untyped        ;
; sld_state_bits                                  ; 11                                                                                                                                                                                                  ; Untyped        ;
; sld_buffer_full_stop                            ; 1                                                                                                                                                                                                   ; Untyped        ;
; SLD_MEM_ADDRESS_BITS                            ; 7                                                                                                                                                                                                   ; Signed Integer ;
; SLD_DATA_BIT_CNTR_BITS                          ; 4                                                                                                                                                                                                   ; Signed Integer ;
; sld_trigger_level                               ; 1                                                                                                                                                                                                   ; Untyped        ;
; sld_trigger_in_enabled                          ; 0                                                                                                                                                                                                   ; Untyped        ;
; SLD_HPS_TRIGGER_IN_ENABLED                      ; 0                                                                                                                                                                                                   ; Signed Integer ;
; SLD_HPS_TRIGGER_OUT_ENABLED                     ; 0                                                                                                                                                                                                   ; Signed Integer ;
; SLD_HPS_EVENT_ENABLED                           ; 0                                                                                                                                                                                                   ; Signed Integer ;
; SLD_HPS_EVENT_ID                                ; 0                                                                                                                                                                                                   ; Signed Integer ;
; sld_advanced_trigger_entity                     ; basic,1,                                                                                                                                                                                            ; Untyped        ;
; sld_trigger_level_pipeline                      ; 1                                                                                                                                                                                                   ; Untyped        ;
; sld_trigger_pipeline                            ; 0                                                                                                                                                                                                   ; Untyped        ;
; sld_ram_pipeline                                ; 0                                                                                                                                                                                                   ; Untyped        ;
; sld_counter_pipeline                            ; 0                                                                                                                                                                                                   ; Untyped        ;
; sld_enable_advanced_trigger                     ; 0                                                                                                                                                                                                   ; Untyped        ;
; SLD_ADVANCED_TRIGGER_1                          ; NONE                                                                                                                                                                                                ; String         ;
; SLD_ADVANCED_TRIGGER_2                          ; NONE                                                                                                                                                                                                ; String         ;
; SLD_ADVANCED_TRIGGER_3                          ; NONE                                                                                                                                                                                                ; String         ;
; SLD_ADVANCED_TRIGGER_4                          ; NONE                                                                                                                                                                                                ; String         ;
; SLD_ADVANCED_TRIGGER_5                          ; NONE                                                                                                                                                                                                ; String         ;
; SLD_ADVANCED_TRIGGER_6                          ; NONE                                                                                                                                                                                                ; String         ;
; SLD_ADVANCED_TRIGGER_7                          ; NONE                                                                                                                                                                                                ; String         ;
; SLD_ADVANCED_TRIGGER_8                          ; NONE                                                                                                                                                                                                ; String         ;
; SLD_ADVANCED_TRIGGER_9                          ; NONE                                                                                                                                                                                                ; String         ;
; SLD_ADVANCED_TRIGGER_10                         ; NONE                                                                                                                                                                                                ; String         ;
; sld_inversion_mask_length                       ; 195                                                                                                                                                                                                 ; Untyped        ;
; sld_inversion_mask                              ; 000000000000000000000000000000000000000000000000000000000000000000000000000000000000000000000000000000000000000000000000000000000000000000000000000000000000000000000000000000000000000000000000000 ; Untyped        ;
; sld_power_up_trigger                            ; 0                                                                                                                                                                                                   ; Untyped        ;
; SLD_STATE_FLOW_MGR_ENTITY                       ; state_flow_mgr_entity.vhd                                                                                                                                                                           ; String         ;
; sld_state_flow_use_generated                    ; 0                                                                                                                                                                                                   ; Untyped        ;
; sld_current_resource_width                      ; 1                                                                                                                                                                                                   ; Untyped        ;
; sld_attribute_mem_mode                          ; OFF                                                                                                                                                                                                 ; Untyped        ;
; sld_storage_qualifier_bits                      ; 56                                                                                                                                                                                                  ; Untyped        ;
; SLD_STORAGE_QUALIFIER_GAP_RECORD                ; 0                                                                                                                                                                                                   ; Signed Integer ;
; SLD_STORAGE_QUALIFIER_MODE                      ; OFF                                                                                                                                                                                                 ; String         ;
; SLD_STORAGE_QUALIFIER_ENABLE_ADVANCED_CONDITION ; 0                                                                                                                                                                                                   ; Signed Integer ;
; sld_storage_qualifier_inversion_mask_length     ; 0                                                                                                                                                                                                   ; Untyped        ;
; SLD_STORAGE_QUALIFIER_ADVANCED_CONDITION_ENTITY ; basic                                                                                                                                                                                               ; String         ;
; SLD_STORAGE_QUALIFIER_PIPELINE                  ; 0                                                                                                                                                                                                   ; Signed Integer ;
; SLD_CREATE_MONITOR_INTERFACE                    ; 0                                                                                                                                                                                                   ; Signed Integer ;
; SLD_USE_JTAG_SIGNAL_ADAPTER                     ; 1                                                                                                                                                                                                   ; Signed Integer ;
+-------------------------------------------------+-----------------------------------------------------------------------------------------------------------------------------------------------------------------------------------------------------+----------------+
Note: In order to hide this table in the UI and the text report file, please set the "Show Parameter Settings in Synthesis Report" option in "Analysis and Synthesis Settings -> More Settings" to "Off".


+------------------------------------------------------------------------------------------------------------+
; Analysis & Elaboration Settings                                                                            ;
+------------------------------------------------------------------+--------------------+--------------------+
; Option                                                           ; Setting            ; Default Value      ;
+------------------------------------------------------------------+--------------------+--------------------+
; Device                                                           ; EP4CE22F17C6       ;                    ;
; Top-level entity name                                            ; MyDE0_Nano         ; MyDE0_Nano         ;
; Family name                                                      ; Cyclone IV E       ; Cyclone V          ;
; Use smart compilation                                            ; Off                ; Off                ;
; Enable parallel Assembler and Timing Analyzer during compilation ; On                 ; On                 ;
; Enable compact report table                                      ; Off                ; Off                ;
; Restructure Multiplexers                                         ; Auto               ; Auto               ;
; Create Debugging Nodes for IP Cores                              ; Off                ; Off                ;
; Preserve fewer node names                                        ; On                 ; On                 ;
; Intel FPGA IP Evaluation Mode                                    ; Enable             ; Enable             ;
; Verilog Version                                                  ; Verilog_2001       ; Verilog_2001       ;
; VHDL Version                                                     ; VHDL_1993          ; VHDL_1993          ;
; State Machine Processing                                         ; Auto               ; Auto               ;
; Safe State Machine                                               ; Off                ; Off                ;
; Extract Verilog State Machines                                   ; On                 ; On                 ;
; Extract VHDL State Machines                                      ; On                 ; On                 ;
; Ignore Verilog initial constructs                                ; Off                ; Off                ;
; Iteration limit for constant Verilog loops                       ; 5000               ; 5000               ;
; Iteration limit for non-constant Verilog loops                   ; 250                ; 250                ;
; Add Pass-Through Logic to Inferred RAMs                          ; On                 ; On                 ;
; Infer RAMs from Raw Logic                                        ; On                 ; On                 ;
; Parallel Synthesis                                               ; On                 ; On                 ;
; DSP Block Balancing                                              ; Auto               ; Auto               ;
; NOT Gate Push-Back                                               ; On                 ; On                 ;
; Power-Up Don't Care                                              ; On                 ; On                 ;
; Remove Redundant Logic Cells                                     ; Off                ; Off                ;
; Remove Duplicate Registers                                       ; On                 ; On                 ;
; Ignore CARRY Buffers                                             ; Off                ; Off                ;
; Ignore CASCADE Buffers                                           ; Off                ; Off                ;
; Ignore GLOBAL Buffers                                            ; Off                ; Off                ;
; Ignore ROW GLOBAL Buffers                                        ; Off                ; Off                ;
; Ignore LCELL Buffers                                             ; Off                ; Off                ;
; Ignore SOFT Buffers                                              ; On                 ; On                 ;
; Limit AHDL Integers to 32 Bits                                   ; Off                ; Off                ;
; Optimization Technique                                           ; Balanced           ; Balanced           ;
; Carry Chain Length                                               ; 70                 ; 70                 ;
; Auto Carry Chains                                                ; On                 ; On                 ;
; Auto Open-Drain Pins                                             ; On                 ; On                 ;
; Perform WYSIWYG Primitive Resynthesis                            ; Off                ; Off                ;
; Auto ROM Replacement                                             ; On                 ; On                 ;
; Auto RAM Replacement                                             ; On                 ; On                 ;
; Auto DSP Block Replacement                                       ; On                 ; On                 ;
; Auto Shift Register Replacement                                  ; Auto               ; Auto               ;
; Allow Shift Register Merging across Hierarchies                  ; Auto               ; Auto               ;
; Auto Clock Enable Replacement                                    ; On                 ; On                 ;
; Strict RAM Replacement                                           ; Off                ; Off                ;
; Allow Synchronous Control Signals                                ; On                 ; On                 ;
; Force Use of Synchronous Clear Signals                           ; Off                ; Off                ;
; Auto RAM Block Balancing                                         ; On                 ; On                 ;
; Auto RAM to Logic Cell Conversion                                ; Off                ; Off                ;
; Auto Resource Sharing                                            ; Off                ; Off                ;
; Allow Any RAM Size For Recognition                               ; Off                ; Off                ;
; Allow Any ROM Size For Recognition                               ; Off                ; Off                ;
; Allow Any Shift Register Size For Recognition                    ; Off                ; Off                ;
; Use LogicLock Constraints during Resource Balancing              ; On                 ; On                 ;
; Ignore translate_off and synthesis_off directives                ; Off                ; Off                ;
; Timing-Driven Synthesis                                          ; On                 ; On                 ;
; Report Parameter Settings                                        ; On                 ; On                 ;
; Report Source Assignments                                        ; On                 ; On                 ;
; Report Connectivity Checks                                       ; On                 ; On                 ;
; Ignore Maximum Fan-Out Assignments                               ; Off                ; Off                ;
; Synchronization Register Chain Length                            ; 2                  ; 2                  ;
; Power Optimization During Synthesis                              ; Normal compilation ; Normal compilation ;
; HDL message level                                                ; Level2             ; Level2             ;
; Suppress Register Optimization Related Messages                  ; Off                ; Off                ;
; Number of Removed Registers Reported in Synthesis Report         ; 5000               ; 5000               ;
; Number of Swept Nodes Reported in Synthesis Report               ; 5000               ; 5000               ;
; Number of Inverted Registers Reported in Synthesis Report        ; 100                ; 100                ;
; Clock MUX Protection                                             ; On                 ; On                 ;
; Auto Gated Clock Conversion                                      ; Off                ; Off                ;
; Block Design Naming                                              ; Auto               ; Auto               ;
; SDC constraint protection                                        ; Off                ; Off                ;
; Synthesis Effort                                                 ; Auto               ; Auto               ;
; Shift Register Replacement - Allow Asynchronous Clear Signal     ; On                 ; On                 ;
; Pre-Mapping Resynthesis Optimization                             ; Off                ; Off                ;
; Analysis & Synthesis Message Level                               ; Medium             ; Medium             ;
; Disable Register Merging Across Hierarchies                      ; Auto               ; Auto               ;
; Resource Aware Inference For Block RAM                           ; On                 ; On                 ;
+------------------------------------------------------------------+--------------------+--------------------+


+--------------------------------------------------------------------------------------------------------------------------------------------------------------------+
; Port Connectivity Checks: "spi_slave:spi_slave_instance"                                                                                                           ;
+----------------+--------+----------+-------------------------------------------------------------------------------------------------------------------------------+
; Port           ; Type   ; Severity ; Details                                                                                                                       ;
+----------------+--------+----------+-------------------------------------------------------------------------------------------------------------------------------+
; DataAddr       ; Output ; Warning  ; Output or bidir port (32 bits) is wider than the port expression (8 bits) it drives; bit(s) "DataAddr[31..8]" have no fanouts ;
; DataAddr[7..3] ; Output ; Info     ; Connected to dangling logic. Logic that only feeds a dangling port will be removed.                                           ;
+----------------+--------+----------+-------------------------------------------------------------------------------------------------------------------------------+


+-------------------------------------------------------------------------------------------------------------------------------------------------------------------------------------------------------------------------------------------------------------------------+
; Signal Tap Logic Analyzer Settings                                                                                                                                                                                                                                      ;
+----------------+------------------+---------------------+------------------+--------------+----------+------------------------+----------------------+--------------------+-----------------------------+-----------------+------------------+--------------------------+
; Instance Index ; Instance Name    ; Trigger Input Width ; Data Input Width ; Sample Depth ; Segments ; Storage Qualifier Type ; Trigger Flow Control ; Trigger Conditions ; Advanced Trigger Conditions ; Trigger In Used ; Trigger Out Used ; Power-Up Trigger Enabled ;
+----------------+------------------+---------------------+------------------+--------------+----------+------------------------+----------------------+--------------------+-----------------------------+-----------------+------------------+--------------------------+
; 0              ; auto_signaltap_0 ; 56                  ; 56               ; 8192         ; 1        ; continuous             ; sequential           ; 1                  ; 0                           ; no              ; no               ; no                       ;
+----------------+------------------+---------------------+------------------+--------------+----------+------------------------+----------------------+--------------------+-----------------------------+-----------------+------------------+--------------------------+


+---------------------------------+
; Analysis & Elaboration Messages ;
+---------------------------------+
Info: *******************************************************************
Info: Running Quartus Prime Analysis & Elaboration
    Info: Version 18.1.0 Build 625 09/12/2018 SJ Lite Edition
    Info: Processing started: Fri Feb 25 14:10:13 2022
Info: Command: quartus_map --read_settings_files=on --write_settings_files=off MyDE0_Nano -c MyDE0_Nano --analysis_and_elaboration
Warning (18236): Number of processors has not been specified which may cause overloading on shared machines.  Set the global assignment NUM_PARALLEL_PROCESSORS in your QSF to an appropriate value for best performance.
Info (20030): Parallel compilation is enabled and will use 16 of the 16 processors detected
Info (12021): Found 1 design units, including 1 entities, in source file mysonar.sv
    Info (12023): Found entity 1: MySonar File: D:/UCL/Q7-Q8_LELME2002/Carbot14/Quartus_carbot14/MySonar.sv Line: 1
Info (12021): Found 16 design units, including 16 entities, in source file myarm_pipelined.sv
    Info (12023): Found entity 1: arm File: D:/UCL/Q7-Q8_LELME2002/Carbot14/Quartus_carbot14/MyARM_Pipelined.sv Line: 1
    Info (12023): Found entity 2: controller File: D:/UCL/Q7-Q8_LELME2002/Carbot14/Quartus_carbot14/MyARM_Pipelined.sv Line: 39
    Info (12023): Found entity 3: conditional File: D:/UCL/Q7-Q8_LELME2002/Carbot14/Quartus_carbot14/MyARM_Pipelined.sv Line: 134
    Info (12023): Found entity 4: datapath File: D:/UCL/Q7-Q8_LELME2002/Carbot14/Quartus_carbot14/MyARM_Pipelined.sv Line: 171
    Info (12023): Found entity 5: hazard File: D:/UCL/Q7-Q8_LELME2002/Carbot14/Quartus_carbot14/MyARM_Pipelined.sv Line: 242
    Info (12023): Found entity 6: regfile File: D:/UCL/Q7-Q8_LELME2002/Carbot14/Quartus_carbot14/MyARM_Pipelined.sv Line: 281
    Info (12023): Found entity 7: extend File: D:/UCL/Q7-Q8_LELME2002/Carbot14/Quartus_carbot14/MyARM_Pipelined.sv Line: 303
    Info (12023): Found entity 8: alu File: D:/UCL/Q7-Q8_LELME2002/Carbot14/Quartus_carbot14/MyARM_Pipelined.sv Line: 317
    Info (12023): Found entity 9: adder File: D:/UCL/Q7-Q8_LELME2002/Carbot14/Quartus_carbot14/MyARM_Pipelined.sv Line: 345
    Info (12023): Found entity 10: flopenr File: D:/UCL/Q7-Q8_LELME2002/Carbot14/Quartus_carbot14/MyARM_Pipelined.sv Line: 351
    Info (12023): Found entity 11: flopr File: D:/UCL/Q7-Q8_LELME2002/Carbot14/Quartus_carbot14/MyARM_Pipelined.sv Line: 362
    Info (12023): Found entity 12: flopenrc File: D:/UCL/Q7-Q8_LELME2002/Carbot14/Quartus_carbot14/MyARM_Pipelined.sv Line: 373
    Info (12023): Found entity 13: floprc File: D:/UCL/Q7-Q8_LELME2002/Carbot14/Quartus_carbot14/MyARM_Pipelined.sv Line: 386
    Info (12023): Found entity 14: mux2 File: D:/UCL/Q7-Q8_LELME2002/Carbot14/Quartus_carbot14/MyARM_Pipelined.sv Line: 399
    Info (12023): Found entity 15: mux3 File: D:/UCL/Q7-Q8_LELME2002/Carbot14/Quartus_carbot14/MyARM_Pipelined.sv Line: 406
    Info (12023): Found entity 16: eqcmp File: D:/UCL/Q7-Q8_LELME2002/Carbot14/Quartus_carbot14/MyARM_Pipelined.sv Line: 413
Info (12021): Found 1 design units, including 1 entities, in source file myde0_nano.sv
    Info (12023): Found entity 1: MyDE0_Nano File: D:/UCL/Q7-Q8_LELME2002/Carbot14/Quartus_carbot14/MyDE0_Nano.sv Line: 6
Info (12021): Found 1 design units, including 1 entities, in source file mytestbench.sv
    Info (12023): Found entity 1: MyTestbench File: D:/UCL/Q7-Q8_LELME2002/Carbot14/Quartus_carbot14/MyTestbench.sv Line: 3
Info (12021): Found 1 design units, including 1 entities, in source file myspi.sv
    Info (12023): Found entity 1: spi_slave File: D:/UCL/Q7-Q8_LELME2002/Carbot14/Quartus_carbot14/MySPI.sv Line: 6
Info (12021): Found 1 design units, including 1 entities, in source file amt103enc.sv
    Info (12023): Found entity 1: AMT103Enc File: D:/UCL/Q7-Q8_LELME2002/Carbot14/Quartus_carbot14/AMT103Enc.sv Line: 2
Info (12021): Found 1 design units, including 1 entities, in source file encoder.sv
    Info (12023): Found entity 1: Encoder File: D:/UCL/Q7-Q8_LELME2002/Carbot14/Quartus_carbot14/Encoder.sv Line: 2
Warning (10236): Verilog HDL Implicit Net warning at MyARM_Pipelined.sv(114): created implicit net for "PCSrcGatedE" File: D:/UCL/Q7-Q8_LELME2002/Carbot14/Quartus_carbot14/MyARM_Pipelined.sv Line: 114
Warning (10236): Verilog HDL Implicit Net warning at MyDE0_Nano.sv(182): created implicit net for "reset_s" File: D:/UCL/Q7-Q8_LELME2002/Carbot14/Quartus_carbot14/MyDE0_Nano.sv Line: 182
Warning (10236): Verilog HDL Implicit Net warning at MyDE0_Nano.sv(183): created implicit net for "resset_s" File: D:/UCL/Q7-Q8_LELME2002/Carbot14/Quartus_carbot14/MyDE0_Nano.sv Line: 183
Info (12127): Elaborating entity "MyDE0_Nano" for the top level hierarchy
Warning (10230): Verilog HDL assignment warning at MyDE0_Nano.sv(186): truncated value with size 32 to match size of target (5) File: D:/UCL/Q7-Q8_LELME2002/Carbot14/Quartus_carbot14/MyDE0_Nano.sv Line: 186
Warning (10034): Output port "LED[2]" at MyDE0_Nano.sv(12) has no driver File: D:/UCL/Q7-Q8_LELME2002/Carbot14/Quartus_carbot14/MyDE0_Nano.sv Line: 12
Warning (10034): Output port "DRAM_ADDR" at MyDE0_Nano.sv(21) has no driver File: D:/UCL/Q7-Q8_LELME2002/Carbot14/Quartus_carbot14/MyDE0_Nano.sv Line: 21
Warning (10034): Output port "DRAM_BA" at MyDE0_Nano.sv(22) has no driver File: D:/UCL/Q7-Q8_LELME2002/Carbot14/Quartus_carbot14/MyDE0_Nano.sv Line: 22
Warning (10034): Output port "DRAM_DQM" at MyDE0_Nano.sv(28) has no driver File: D:/UCL/Q7-Q8_LELME2002/Carbot14/Quartus_carbot14/MyDE0_Nano.sv Line: 28
Warning (10034): Output port "DRAM_CAS_N" at MyDE0_Nano.sv(23) has no driver File: D:/UCL/Q7-Q8_LELME2002/Carbot14/Quartus_carbot14/MyDE0_Nano.sv Line: 23
Warning (10034): Output port "DRAM_CKE" at MyDE0_Nano.sv(24) has no driver File: D:/UCL/Q7-Q8_LELME2002/Carbot14/Quartus_carbot14/MyDE0_Nano.sv Line: 24
Warning (10034): Output port "DRAM_CLK" at MyDE0_Nano.sv(25) has no driver File: D:/UCL/Q7-Q8_LELME2002/Carbot14/Quartus_carbot14/MyDE0_Nano.sv Line: 25
Warning (10034): Output port "DRAM_CS_N" at MyDE0_Nano.sv(26) has no driver File: D:/UCL/Q7-Q8_LELME2002/Carbot14/Quartus_carbot14/MyDE0_Nano.sv Line: 26
Warning (10034): Output port "DRAM_RAS_N" at MyDE0_Nano.sv(29) has no driver File: D:/UCL/Q7-Q8_LELME2002/Carbot14/Quartus_carbot14/MyDE0_Nano.sv Line: 29
Warning (10034): Output port "DRAM_WE_N" at MyDE0_Nano.sv(30) has no driver File: D:/UCL/Q7-Q8_LELME2002/Carbot14/Quartus_carbot14/MyDE0_Nano.sv Line: 30
Warning (10034): Output port "EPCS_ASDO" at MyDE0_Nano.sv(33) has no driver File: D:/UCL/Q7-Q8_LELME2002/Carbot14/Quartus_carbot14/MyDE0_Nano.sv Line: 33
Warning (10034): Output port "EPCS_DCLK" at MyDE0_Nano.sv(35) has no driver File: D:/UCL/Q7-Q8_LELME2002/Carbot14/Quartus_carbot14/MyDE0_Nano.sv Line: 35
Warning (10034): Output port "EPCS_NCSO" at MyDE0_Nano.sv(36) has no driver File: D:/UCL/Q7-Q8_LELME2002/Carbot14/Quartus_carbot14/MyDE0_Nano.sv Line: 36
Warning (10034): Output port "G_SENSOR_CS_N" at MyDE0_Nano.sv(39) has no driver File: D:/UCL/Q7-Q8_LELME2002/Carbot14/Quartus_carbot14/MyDE0_Nano.sv Line: 39
Warning (10034): Output port "I2C_SCLK" at MyDE0_Nano.sv(41) has no driver File: D:/UCL/Q7-Q8_LELME2002/Carbot14/Quartus_carbot14/MyDE0_Nano.sv Line: 41
Warning (10034): Output port "ADC_CS_N" at MyDE0_Nano.sv(45) has no driver File: D:/UCL/Q7-Q8_LELME2002/Carbot14/Quartus_carbot14/MyDE0_Nano.sv Line: 45
Warning (10034): Output port "ADC_SADDR" at MyDE0_Nano.sv(46) has no driver File: D:/UCL/Q7-Q8_LELME2002/Carbot14/Quartus_carbot14/MyDE0_Nano.sv Line: 46
Warning (10034): Output port "ADC_SCLK" at MyDE0_Nano.sv(47) has no driver File: D:/UCL/Q7-Q8_LELME2002/Carbot14/Quartus_carbot14/MyDE0_Nano.sv Line: 47
Info (12128): Elaborating entity "spi_slave" for hierarchy "spi_slave:spi_slave_instance" File: D:/UCL/Q7-Q8_LELME2002/Carbot14/Quartus_carbot14/MyDE0_Nano.sv Line: 88
Info (12128): Elaborating entity "Encoder" for hierarchy "Encoder:leftEnc" File: D:/UCL/Q7-Q8_LELME2002/Carbot14/Quartus_carbot14/MyDE0_Nano.sv Line: 174
Info (12128): Elaborating entity "MySonar" for hierarchy "MySonar:sonar" File: D:/UCL/Q7-Q8_LELME2002/Carbot14/Quartus_carbot14/MyDE0_Nano.sv Line: 183
Info (10041): Inferred latch for "distance[0]" at MySonar.sv(52) File: D:/UCL/Q7-Q8_LELME2002/Carbot14/Quartus_carbot14/MySonar.sv Line: 52
Info (10041): Inferred latch for "distance[1]" at MySonar.sv(52) File: D:/UCL/Q7-Q8_LELME2002/Carbot14/Quartus_carbot14/MySonar.sv Line: 52
Info (10041): Inferred latch for "distance[2]" at MySonar.sv(52) File: D:/UCL/Q7-Q8_LELME2002/Carbot14/Quartus_carbot14/MySonar.sv Line: 52
Info (10041): Inferred latch for "distance[3]" at MySonar.sv(52) File: D:/UCL/Q7-Q8_LELME2002/Carbot14/Quartus_carbot14/MySonar.sv Line: 52
Info (10041): Inferred latch for "distance[4]" at MySonar.sv(52) File: D:/UCL/Q7-Q8_LELME2002/Carbot14/Quartus_carbot14/MySonar.sv Line: 52
Info (10041): Inferred latch for "distance[5]" at MySonar.sv(52) File: D:/UCL/Q7-Q8_LELME2002/Carbot14/Quartus_carbot14/MySonar.sv Line: 52
Info (10041): Inferred latch for "distance[6]" at MySonar.sv(52) File: D:/UCL/Q7-Q8_LELME2002/Carbot14/Quartus_carbot14/MySonar.sv Line: 52
Info (10041): Inferred latch for "distance[7]" at MySonar.sv(52) File: D:/UCL/Q7-Q8_LELME2002/Carbot14/Quartus_carbot14/MySonar.sv Line: 52
Info (10041): Inferred latch for "distance[8]" at MySonar.sv(52) File: D:/UCL/Q7-Q8_LELME2002/Carbot14/Quartus_carbot14/MySonar.sv Line: 52
Info (10041): Inferred latch for "distance[9]" at MySonar.sv(52) File: D:/UCL/Q7-Q8_LELME2002/Carbot14/Quartus_carbot14/MySonar.sv Line: 52
Info (10041): Inferred latch for "distance[10]" at MySonar.sv(52) File: D:/UCL/Q7-Q8_LELME2002/Carbot14/Quartus_carbot14/MySonar.sv Line: 52
Info (10041): Inferred latch for "distance[11]" at MySonar.sv(52) File: D:/UCL/Q7-Q8_LELME2002/Carbot14/Quartus_carbot14/MySonar.sv Line: 52
Info (10041): Inferred latch for "distance[12]" at MySonar.sv(52) File: D:/UCL/Q7-Q8_LELME2002/Carbot14/Quartus_carbot14/MySonar.sv Line: 52
Info (10041): Inferred latch for "distance[13]" at MySonar.sv(52) File: D:/UCL/Q7-Q8_LELME2002/Carbot14/Quartus_carbot14/MySonar.sv Line: 52
Info (10041): Inferred latch for "distance[14]" at MySonar.sv(52) File: D:/UCL/Q7-Q8_LELME2002/Carbot14/Quartus_carbot14/MySonar.sv Line: 52
Info (10041): Inferred latch for "distance[15]" at MySonar.sv(52) File: D:/UCL/Q7-Q8_LELME2002/Carbot14/Quartus_carbot14/MySonar.sv Line: 52
Info (10041): Inferred latch for "distance[16]" at MySonar.sv(52) File: D:/UCL/Q7-Q8_LELME2002/Carbot14/Quartus_carbot14/MySonar.sv Line: 52
Info (10041): Inferred latch for "distance[17]" at MySonar.sv(52) File: D:/UCL/Q7-Q8_LELME2002/Carbot14/Quartus_carbot14/MySonar.sv Line: 52
Info (10041): Inferred latch for "distance[18]" at MySonar.sv(52) File: D:/UCL/Q7-Q8_LELME2002/Carbot14/Quartus_carbot14/MySonar.sv Line: 52
Info (10041): Inferred latch for "distance[19]" at MySonar.sv(52) File: D:/UCL/Q7-Q8_LELME2002/Carbot14/Quartus_carbot14/MySonar.sv Line: 52
Info (10041): Inferred latch for "distance[20]" at MySonar.sv(52) File: D:/UCL/Q7-Q8_LELME2002/Carbot14/Quartus_carbot14/MySonar.sv Line: 52
Info (10041): Inferred latch for "distance[21]" at MySonar.sv(52) File: D:/UCL/Q7-Q8_LELME2002/Carbot14/Quartus_carbot14/MySonar.sv Line: 52
Info (10041): Inferred latch for "distance[22]" at MySonar.sv(52) File: D:/UCL/Q7-Q8_LELME2002/Carbot14/Quartus_carbot14/MySonar.sv Line: 52
Info (10041): Inferred latch for "distance[23]" at MySonar.sv(52) File: D:/UCL/Q7-Q8_LELME2002/Carbot14/Quartus_carbot14/MySonar.sv Line: 52
Info (10041): Inferred latch for "distance[24]" at MySonar.sv(52) File: D:/UCL/Q7-Q8_LELME2002/Carbot14/Quartus_carbot14/MySonar.sv Line: 52
Info (10041): Inferred latch for "distance[25]" at MySonar.sv(52) File: D:/UCL/Q7-Q8_LELME2002/Carbot14/Quartus_carbot14/MySonar.sv Line: 52
Info (10041): Inferred latch for "distance[26]" at MySonar.sv(52) File: D:/UCL/Q7-Q8_LELME2002/Carbot14/Quartus_carbot14/MySonar.sv Line: 52
Info (10041): Inferred latch for "distance[27]" at MySonar.sv(52) File: D:/UCL/Q7-Q8_LELME2002/Carbot14/Quartus_carbot14/MySonar.sv Line: 52
Info (10041): Inferred latch for "distance[28]" at MySonar.sv(52) File: D:/UCL/Q7-Q8_LELME2002/Carbot14/Quartus_carbot14/MySonar.sv Line: 52
Info (10041): Inferred latch for "distance[29]" at MySonar.sv(52) File: D:/UCL/Q7-Q8_LELME2002/Carbot14/Quartus_carbot14/MySonar.sv Line: 52
Info (10041): Inferred latch for "distance[30]" at MySonar.sv(52) File: D:/UCL/Q7-Q8_LELME2002/Carbot14/Quartus_carbot14/MySonar.sv Line: 52
Info (10041): Inferred latch for "distance[31]" at MySonar.sv(52) File: D:/UCL/Q7-Q8_LELME2002/Carbot14/Quartus_carbot14/MySonar.sv Line: 52
Info (12021): Found 1 design units, including 1 entities, in source file db/altsyncram_ob24.tdf
    Info (12023): Found entity 1: altsyncram_ob24 File: D:/UCL/Q7-Q8_LELME2002/Carbot14/Quartus_carbot14/db/altsyncram_ob24.tdf Line: 27
Info (12021): Found 1 design units, including 1 entities, in source file db/mux_vsc.tdf
    Info (12023): Found entity 1: mux_vsc File: D:/UCL/Q7-Q8_LELME2002/Carbot14/Quartus_carbot14/db/mux_vsc.tdf Line: 22
Info (12021): Found 1 design units, including 1 entities, in source file db/decode_dvf.tdf
    Info (12023): Found entity 1: decode_dvf File: D:/UCL/Q7-Q8_LELME2002/Carbot14/Quartus_carbot14/db/decode_dvf.tdf Line: 22
Info (12021): Found 1 design units, including 1 entities, in source file db/cntr_ngi.tdf
    Info (12023): Found entity 1: cntr_ngi File: D:/UCL/Q7-Q8_LELME2002/Carbot14/Quartus_carbot14/db/cntr_ngi.tdf Line: 27
Info (12021): Found 1 design units, including 1 entities, in source file db/cmpr_sgc.tdf
    Info (12023): Found entity 1: cmpr_sgc File: D:/UCL/Q7-Q8_LELME2002/Carbot14/Quartus_carbot14/db/cmpr_sgc.tdf Line: 22
Info (12021): Found 1 design units, including 1 entities, in source file db/cntr_o9j.tdf
    Info (12023): Found entity 1: cntr_o9j File: D:/UCL/Q7-Q8_LELME2002/Carbot14/Quartus_carbot14/db/cntr_o9j.tdf Line: 25
Info (12021): Found 1 design units, including 1 entities, in source file db/cntr_igi.tdf
    Info (12023): Found entity 1: cntr_igi File: D:/UCL/Q7-Q8_LELME2002/Carbot14/Quartus_carbot14/db/cntr_igi.tdf Line: 27
Info (12021): Found 1 design units, including 1 entities, in source file db/cmpr_rgc.tdf
    Info (12023): Found entity 1: cmpr_rgc File: D:/UCL/Q7-Q8_LELME2002/Carbot14/Quartus_carbot14/db/cmpr_rgc.tdf Line: 22
Info (12021): Found 1 design units, including 1 entities, in source file db/cntr_23j.tdf
    Info (12023): Found entity 1: cntr_23j File: D:/UCL/Q7-Q8_LELME2002/Carbot14/Quartus_carbot14/db/cntr_23j.tdf Line: 27
Info (12021): Found 1 design units, including 1 entities, in source file db/cmpr_ngc.tdf
    Info (12023): Found entity 1: cmpr_ngc File: D:/UCL/Q7-Q8_LELME2002/Carbot14/Quartus_carbot14/db/cmpr_ngc.tdf Line: 22
Info (12033): Analysis and Synthesis generated Signal Tap or debug node instance "auto_signaltap_0"
Info (11170): Starting IP generation for the debug fabric: alt_sld_fab.
Info (11172): 2022.02.25.14:10:38 Progress: Loading sldbe248a27/alt_sld_fab_wrapper_hw.tcl
Info (11172): Alt_sld_fab.alt_sld_fab: SLD fabric agents which did not specify prefer_host were connected to JTAG
Info (11172): Alt_sld_fab: Generating alt_sld_fab "alt_sld_fab" for QUARTUS_SYNTH
Info (11172): Alt_sld_fab: "alt_sld_fab" instantiated alt_sld_fab "alt_sld_fab"
Info (11172): Presplit: "alt_sld_fab" instantiated altera_super_splitter "presplit"
Info (11172): Splitter: "alt_sld_fab" instantiated altera_sld_splitter "splitter"
Info (11172): Sldfabric: "alt_sld_fab" instantiated altera_sld_jtag_hub "sldfabric"
Info (11172): Ident: "alt_sld_fab" instantiated altera_connection_identification_hub "ident"
Info (11172): Alt_sld_fab: Done "alt_sld_fab" with 6 modules, 6 files
Info (11171): Finished IP generation for the debug fabric: alt_sld_fab.
Info (12021): Found 1 design units, including 1 entities, in source file db/ip/sldbe248a27/alt_sld_fab.v
    Info (12023): Found entity 1: alt_sld_fab File: D:/UCL/Q7-Q8_LELME2002/Carbot14/Quartus_carbot14/db/ip/sldbe248a27/alt_sld_fab.v Line: 9
Info (12021): Found 1 design units, including 1 entities, in source file db/ip/sldbe248a27/submodules/alt_sld_fab_alt_sld_fab.v
    Info (12023): Found entity 1: alt_sld_fab_alt_sld_fab File: D:/UCL/Q7-Q8_LELME2002/Carbot14/Quartus_carbot14/db/ip/sldbe248a27/submodules/alt_sld_fab_alt_sld_fab.v Line: 9
Info (12021): Found 1 design units, including 1 entities, in source file db/ip/sldbe248a27/submodules/alt_sld_fab_alt_sld_fab_ident.sv
    Info (12023): Found entity 1: alt_sld_fab_alt_sld_fab_ident File: D:/UCL/Q7-Q8_LELME2002/Carbot14/Quartus_carbot14/db/ip/sldbe248a27/submodules/alt_sld_fab_alt_sld_fab_ident.sv Line: 33
Info (12021): Found 1 design units, including 1 entities, in source file db/ip/sldbe248a27/submodules/alt_sld_fab_alt_sld_fab_presplit.sv
    Info (12023): Found entity 1: alt_sld_fab_alt_sld_fab_presplit File: D:/UCL/Q7-Q8_LELME2002/Carbot14/Quartus_carbot14/db/ip/sldbe248a27/submodules/alt_sld_fab_alt_sld_fab_presplit.sv Line: 3
Info (12021): Found 2 design units, including 1 entities, in source file db/ip/sldbe248a27/submodules/alt_sld_fab_alt_sld_fab_sldfabric.vhd
    Info (12022): Found design unit 1: alt_sld_fab_alt_sld_fab_sldfabric-rtl File: D:/UCL/Q7-Q8_LELME2002/Carbot14/Quartus_carbot14/db/ip/sldbe248a27/submodules/alt_sld_fab_alt_sld_fab_sldfabric.vhd Line: 102
    Info (12023): Found entity 1: alt_sld_fab_alt_sld_fab_sldfabric File: D:/UCL/Q7-Q8_LELME2002/Carbot14/Quartus_carbot14/db/ip/sldbe248a27/submodules/alt_sld_fab_alt_sld_fab_sldfabric.vhd Line: 11
Info (12021): Found 1 design units, including 1 entities, in source file db/ip/sldbe248a27/submodules/alt_sld_fab_alt_sld_fab_splitter.sv
    Info (12023): Found entity 1: alt_sld_fab_alt_sld_fab_splitter File: D:/UCL/Q7-Q8_LELME2002/Carbot14/Quartus_carbot14/db/ip/sldbe248a27/submodules/alt_sld_fab_alt_sld_fab_splitter.sv Line: 3
Warning (12241): 1 hierarchies have connectivity warnings - see the Connectivity Checks report folder
Info (144001): Generated suppressed messages file D:/UCL/Q7-Q8_LELME2002/Carbot14/Quartus_carbot14/MyDE0_Nano.map.smsg
Info: Quartus Prime Analysis & Elaboration was successful. 0 errors, 24 warnings
    Info: Peak virtual memory: 4845 megabytes
    Info: Processing ended: Fri Feb 25 14:10:47 2022
    Info: Elapsed time: 00:00:34
    Info: Total CPU time (on all processors): 00:01:09


+--------------------------------------------+
; Analysis & Elaboration Suppressed Messages ;
+--------------------------------------------+
The suppressed messages can be found in D:/UCL/Q7-Q8_LELME2002/Carbot14/Quartus_carbot14/MyDE0_Nano.map.smsg.


